
ROM used: 888 (11%)
          888 (11%) including unused fragments

          2 Average locations per line
          9 Average locations per statement

RAM used: 80 (22%) at main() level
          120 (33%) worst case

Stack used: 3 worst case (out of 8 total available)

Lines Stmts  %   Files
----- ----- ---  -----
   53    33  34  main.c
   17     0   0  main.h
  326     0   0  ..\..\Software\PICC\devices\16F877A.h
  164    64  66  multiTimer.h
----- -----
  560    97 Total

Page ROM  %  RAM   Vol Diff  Functions:
---- --- --- ---   --- ----  ----------
 Inline        6   806  6.7  runTimerMng
0    152  17  10   570  8.6  setupTimer
0     44   5  13   570  8.6  @MUL3232
 Inline        5   180  6.1  findTimerIndex
0     78   9   5   250  4.3  enableTimer
0     14   2   0    78  1.6  preSetupTimer
0    353  40   0    16  1.0  TIMER1_isr
0    198  22   0  1099  3.9  MAIN

Program metrics:
    Functions               8
    Statements              97
    Comments                143
    Volume (V)              5180
    Difficilty (D)          41.0
    Effort to implement (E) 212472
    Time to implement (T)   3 hours, 17 minutes
    Est Delivered Bugs (B)  1
    Cyclomatic Complexity   29
    Maintainability (MI)    109

 Segment     Used  Free
-----------  ----  ----
00000-00003     4  0  
00004-00030    45  0  
00031-007FF   839  1160  
00800-00FFF     0  2048  
01000-017FF     0  2048  
01800-01FFF     0  2048  



